Performing C SOURCE FILE Test CMAKE_HAVE_LIBC_PTHREAD failed with the following output:
Change Dir: /home/alfyhack/Documenti/Scorbot-CA/4_userInterface/ScorbotUI_2/comLibWork/c_Side/cmake-build-debug/CMakeFiles/CMakeTmp

Run Build Command(s):/usr/bin/make cmTC_9274f/fast && /usr/bin/make -f CMakeFiles/cmTC_9274f.dir/build.make CMakeFiles/cmTC_9274f.dir/build
make[1]: ingresso nella directory "/home/alfyhack/Documenti/Scorbot-CA/4_userInterface/ScorbotUI_2/comLibWork/c_Side/cmake-build-debug/CMakeFiles/CMakeTmp"
Building C object CMakeFiles/cmTC_9274f.dir/src.c.o
/usr/bin/cc   -DCMAKE_HAVE_LIBC_PTHREAD   -o CMakeFiles/cmTC_9274f.dir/src.c.o   -c /home/alfyhack/Documenti/Scorbot-CA/4_userInterface/ScorbotUI_2/comLibWork/c_Side/cmake-build-debug/CMakeFiles/CMakeTmp/src.c
Linking C executable cmTC_9274f
/home/alfyhack/.local/share/JetBrains/Toolbox/apps/CLion/ch-0/192.7142.39/bin/cmake/linux/bin/cmake -E cmake_link_script CMakeFiles/cmTC_9274f.dir/link.txt --verbose=1
/usr/bin/cc  -DCMAKE_HAVE_LIBC_PTHREAD    -rdynamic CMakeFiles/cmTC_9274f.dir/src.c.o  -o cmTC_9274f 
CMakeFiles/cmTC_9274f.dir/src.c.o: nella funzione "main":
src.c:(.text+0x3e): riferimento non definito a "pthread_create"
src.c:(.text+0x4a): riferimento non definito a "pthread_detach"
src.c:(.text+0x5b): riferimento non definito a "pthread_join"
src.c:(.text+0x6f): riferimento non definito a "pthread_atfork"
collect2: error: ld returned 1 exit status
CMakeFiles/cmTC_9274f.dir/build.make:86: recipe for target 'cmTC_9274f' failed
make[1]: *** [cmTC_9274f] Error 1
make[1]: uscita dalla directory "/home/alfyhack/Documenti/Scorbot-CA/4_userInterface/ScorbotUI_2/comLibWork/c_Side/cmake-build-debug/CMakeFiles/CMakeTmp"
Makefile:121: recipe for target 'cmTC_9274f/fast' failed
make: *** [cmTC_9274f/fast] Error 2


Source file was:
#include <pthread.h>

void* test_func(void* data)
{
  return data;
}

int main(void)
{
  pthread_t thread;
  pthread_create(&thread, NULL, test_func, NULL);
  pthread_detach(thread);
  pthread_join(thread, NULL);
  pthread_atfork(NULL, NULL, NULL);
  pthread_exit(NULL);

  return 0;
}

Determining if the function pthread_create exists in the pthreads failed with the following output:
Change Dir: /home/alfyhack/Documenti/Scorbot-CA/4_userInterface/ScorbotUI_2/comLibWork/c_Side/cmake-build-debug/CMakeFiles/CMakeTmp

Run Build Command(s):/usr/bin/make cmTC_47a68/fast && /usr/bin/make -f CMakeFiles/cmTC_47a68.dir/build.make CMakeFiles/cmTC_47a68.dir/build
make[1]: ingresso nella directory "/home/alfyhack/Documenti/Scorbot-CA/4_userInterface/ScorbotUI_2/comLibWork/c_Side/cmake-build-debug/CMakeFiles/CMakeTmp"
Building C object CMakeFiles/cmTC_47a68.dir/CheckFunctionExists.c.o
/usr/bin/cc   -DCHECK_FUNCTION_EXISTS=pthread_create   -o CMakeFiles/cmTC_47a68.dir/CheckFunctionExists.c.o   -c /home/alfyhack/.local/share/JetBrains/Toolbox/apps/CLion/ch-0/192.7142.39/bin/cmake/linux/share/cmake-3.15/Modules/CheckFunctionExists.c
Linking C executable cmTC_47a68
/home/alfyhack/.local/share/JetBrains/Toolbox/apps/CLion/ch-0/192.7142.39/bin/cmake/linux/bin/cmake -E cmake_link_script CMakeFiles/cmTC_47a68.dir/link.txt --verbose=1
/usr/bin/cc  -DCHECK_FUNCTION_EXISTS=pthread_create    -rdynamic CMakeFiles/cmTC_47a68.dir/CheckFunctionExists.c.o  -o cmTC_47a68 -lpthreads 
/usr/bin/ld: impossibile trovare -lpthreads
collect2: error: ld returned 1 exit status
CMakeFiles/cmTC_47a68.dir/build.make:86: recipe for target 'cmTC_47a68' failed
make[1]: *** [cmTC_47a68] Error 1
make[1]: uscita dalla directory "/home/alfyhack/Documenti/Scorbot-CA/4_userInterface/ScorbotUI_2/comLibWork/c_Side/cmake-build-debug/CMakeFiles/CMakeTmp"
Makefile:121: recipe for target 'cmTC_47a68/fast' failed
make: *** [cmTC_47a68/fast] Error 2



