Performing C SOURCE FILE Test CMAKE_HAVE_LIBC_PTHREAD failed with the following output:
Change Dir: /home/alfystar/Documenti/Scorbot-CA/unionExe/Scorbot-V2/cmake-build-debug/CMakeFiles/CMakeTmp

Run Build Command(s):/usr/bin/make cmTC_2d1f6/fast && /usr/bin/make -f CMakeFiles/cmTC_2d1f6.dir/build.make CMakeFiles/cmTC_2d1f6.dir/build
make[1]: ingresso nella directory "/home/alfystar/Documenti/Scorbot-CA/unionExe/Scorbot-V2/cmake-build-debug/CMakeFiles/CMakeTmp"
Building C object CMakeFiles/cmTC_2d1f6.dir/src.c.o
/usr/bin/cc   -DCMAKE_HAVE_LIBC_PTHREAD   -o CMakeFiles/cmTC_2d1f6.dir/src.c.o   -c /home/alfystar/Documenti/Scorbot-CA/unionExe/Scorbot-V2/cmake-build-debug/CMakeFiles/CMakeTmp/src.c
Linking C executable cmTC_2d1f6
/home/alfystar/.local/share/JetBrains/Toolbox/apps/CLion/ch-0/193.6911.21/bin/cmake/linux/bin/cmake -E cmake_link_script CMakeFiles/cmTC_2d1f6.dir/link.txt --verbose=1
/usr/bin/cc  -DCMAKE_HAVE_LIBC_PTHREAD    -rdynamic CMakeFiles/cmTC_2d1f6.dir/src.c.o  -o cmTC_2d1f6 
CMakeFiles/cmTC_2d1f6.dir/src.c.o: nella funzione "main":
src.c:(.text+0x3e): riferimento non definito a "pthread_create"
src.c:(.text+0x4a): riferimento non definito a "pthread_detach"
src.c:(.text+0x5b): riferimento non definito a "pthread_join"
src.c:(.text+0x6f): riferimento non definito a "pthread_atfork"
collect2: error: ld returned 1 exit status
CMakeFiles/cmTC_2d1f6.dir/build.make:86: recipe for target 'cmTC_2d1f6' failed
make[1]: *** [cmTC_2d1f6] Error 1
make[1]: uscita dalla directory "/home/alfystar/Documenti/Scorbot-CA/unionExe/Scorbot-V2/cmake-build-debug/CMakeFiles/CMakeTmp"
Makefile:121: recipe for target 'cmTC_2d1f6/fast' failed
make: *** [cmTC_2d1f6/fast] Error 2


Source file was:
#include <pthread.h>

void* test_func(void* data)
{
  return data;
}

int main(void)
{
  pthread_t thread;
  pthread_create(&thread, NULL, test_func, NULL);
  pthread_detach(thread);
  pthread_join(thread, NULL);
  pthread_atfork(NULL, NULL, NULL);
  pthread_exit(NULL);

  return 0;
}

Determining if the function pthread_create exists in the pthreads failed with the following output:
Change Dir: /home/alfystar/Documenti/Scorbot-CA/unionExe/Scorbot-V2/cmake-build-debug/CMakeFiles/CMakeTmp

Run Build Command(s):/usr/bin/make cmTC_97633/fast && /usr/bin/make -f CMakeFiles/cmTC_97633.dir/build.make CMakeFiles/cmTC_97633.dir/build
make[1]: ingresso nella directory "/home/alfystar/Documenti/Scorbot-CA/unionExe/Scorbot-V2/cmake-build-debug/CMakeFiles/CMakeTmp"
Building C object CMakeFiles/cmTC_97633.dir/CheckFunctionExists.c.o
/usr/bin/cc   -DCHECK_FUNCTION_EXISTS=pthread_create   -o CMakeFiles/cmTC_97633.dir/CheckFunctionExists.c.o   -c /home/alfystar/.local/share/JetBrains/Toolbox/apps/CLion/ch-0/193.6911.21/bin/cmake/linux/share/cmake-3.15/Modules/CheckFunctionExists.c
Linking C executable cmTC_97633
/home/alfystar/.local/share/JetBrains/Toolbox/apps/CLion/ch-0/193.6911.21/bin/cmake/linux/bin/cmake -E cmake_link_script CMakeFiles/cmTC_97633.dir/link.txt --verbose=1
/usr/bin/cc  -DCHECK_FUNCTION_EXISTS=pthread_create    -rdynamic CMakeFiles/cmTC_97633.dir/CheckFunctionExists.c.o  -o cmTC_97633 -lpthreads 
/usr/bin/ld: impossibile trovare -lpthreads
collect2: error: ld returned 1 exit status
CMakeFiles/cmTC_97633.dir/build.make:86: recipe for target 'cmTC_97633' failed
make[1]: *** [cmTC_97633] Error 1
make[1]: uscita dalla directory "/home/alfystar/Documenti/Scorbot-CA/unionExe/Scorbot-V2/cmake-build-debug/CMakeFiles/CMakeTmp"
Makefile:121: recipe for target 'cmTC_97633/fast' failed
make: *** [cmTC_97633/fast] Error 2



